2023/03/25 15:02:04 [emerg] 1#1: host not found in upstream "php" in /etc/nginx/conf.d/default.conf:13
2023/03/25 15:05:29 [emerg] 1#1: host not found in upstream "php" in /etc/nginx/conf.d/default.conf:13
2023/03/25 15:10:04 [notice] 1#1: using the "epoll" event method
2023/03/25 15:10:04 [notice] 1#1: nginx/1.20.2
2023/03/25 15:10:04 [notice] 1#1: built by gcc 10.2.1 20210110 (Debian 10.2.1-6) 
2023/03/25 15:10:04 [notice] 1#1: OS: Linux 5.10.16.3-microsoft-standard-WSL2
2023/03/25 15:10:04 [notice] 1#1: getrlimit(RLIMIT_NOFILE): 1048576:1048576
2023/03/25 15:10:04 [notice] 1#1: start worker processes
2023/03/25 15:10:04 [notice] 1#1: start worker process 30
2023/03/25 15:10:04 [notice] 1#1: start worker process 31
2023/03/25 15:10:04 [notice] 1#1: start worker process 32
2023/03/25 15:10:04 [notice] 1#1: start worker process 33
2023/03/25 15:13:21 [notice] 1#1: signal 3 (SIGQUIT) received, shutting down
2023/03/25 15:13:21 [notice] 32#32: gracefully shutting down
2023/03/25 15:13:21 [notice] 31#31: gracefully shutting down
2023/03/25 15:13:21 [notice] 33#33: gracefully shutting down
2023/03/25 15:13:21 [notice] 30#30: gracefully shutting down
2023/03/25 15:13:21 [notice] 32#32: exiting
2023/03/25 15:13:21 [notice] 31#31: exiting
2023/03/25 15:13:21 [notice] 33#33: exiting
2023/03/25 15:13:21 [notice] 33#33: exit
2023/03/25 15:13:21 [notice] 30#30: exiting
2023/03/25 15:13:21 [notice] 30#30: exit
2023/03/25 15:13:21 [notice] 32#32: exit
2023/03/25 15:13:21 [notice] 31#31: exit
2023/03/25 15:13:21 [notice] 1#1: signal 17 (SIGCHLD) received from 33
2023/03/25 15:13:21 [notice] 1#1: worker process 32 exited with code 0
2023/03/25 15:13:21 [notice] 1#1: worker process 33 exited with code 0
2023/03/25 15:13:21 [notice] 1#1: signal 29 (SIGIO) received
2023/03/25 15:13:21 [notice] 1#1: signal 17 (SIGCHLD) received from 32
2023/03/25 15:13:21 [notice] 1#1: signal 17 (SIGCHLD) received from 30
2023/03/25 15:13:21 [notice] 1#1: worker process 30 exited with code 0
2023/03/25 15:13:21 [notice] 1#1: worker process 31 exited with code 0
2023/03/25 15:13:21 [notice] 1#1: exit
